Warning: You are sending unauthenticated requests to the HF Hub. Please set a HF_TOKEN to enable higher rate limits and faster downloads.
Loading weights:   0%|          | 0/199 [00:00<?, ?it/s]Loading weights: 100%|██████████| 199/199 [00:00<00:00, 7814.57it/s]
[1mBertForTokenClassification LOAD REPORT[0m from: dominguesm/legal-bert-ner-base-cased-ptbr
Key                          | Status     |  | 
-----------------------------+------------+--+-
bert.embeddings.position_ids | UNEXPECTED |  | 

[3mNotes:
- UNEXPECTED[3m	:can be ignored when loading from different task/architecture; not ok if you expect identical arch.[0m
[0/4232] Processando NER...
[100/4232] Processando NER...
[200/4232] Processando NER...
[300/4232] Processando NER...
[400/4232] Processando NER...
[500/4232] Processando NER...
[600/4232] Processando NER...
[700/4232] Processando NER...
[800/4232] Processando NER...
[900/4232] Processando NER...
[1000/4232] Processando NER...
[1100/4232] Processando NER...
[1200/4232] Processando NER...
[1300/4232] Processando NER...
[1400/4232] Processando NER...
[1500/4232] Processando NER...
[1600/4232] Processando NER...
[1700/4232] Processando NER...
[1800/4232] Processando NER...
[1900/4232] Processando NER...
[2000/4232] Processando NER...
[2100/4232] Processando NER...
[2200/4232] Processando NER...
[2300/4232] Processando NER...
[2400/4232] Processando NER...
[2500/4232] Processando NER...
[2600/4232] Processando NER...
[2700/4232] Processando NER...
[2800/4232] Processando NER...
[2900/4232] Processando NER...
[3000/4232] Processando NER...
[3100/4232] Processando NER...
[3200/4232] Processando NER...
[3300/4232] Processando NER...
[3400/4232] Processando NER...
[3500/4232] Processando NER...
[3600/4232] Processando NER...
[3700/4232] Processando NER...
[3800/4232] Processando NER...
[3900/4232] Processando NER...
[4000/4232] Processando NER...
[4100/4232] Processando NER...
[4200/4232] Processando NER...
{'total_sentencas': 4232, 'sentencas_com_entidades': 2325, 'total_entidades': 17382, 'media_entidades_por_sentenca': 4.107277882797732}
